{
  "RSpec": {
    "coverage": {
      "/Users/renanoliveira/dev/wit-cart/spec/models/product_spec.rb": [
        1,
        null,
        1,
        3,
        null,
        1,
        1,
        1,
        null,
        null,
        1,
        1,
        null,
        null,
        null,
        1,
        3,
        null,
        1,
        1,
        null,
        null,
        1,
        1,
        null,
        null,
        null,
        1,
        3,
        null,
        1,
        1,
        null,
        null,
        1,
        1,
        null,
        null,
        null
      ],
      "/Users/renanoliveira/dev/wit-cart/spec/rails_helper.rb": [
        null,
        1,
        1,
        1,
        null,
        1,
        1,
        1,
        null,
        null,
        null,
        null,
        null,
        null,
        null,
        null,
        null,
        null,
        null,
        null,
        null,
        null,
        null,
        null,
        null,
        null,
        null,
        1,
        null,
        1,
        null,
        1,
        null,
        null,
        null,
        null,
        1,
        null,
        null,
        null,
        null,
        null,
        null,
        null,
        null,
        null,
        null,
        null,
        null,
        null,
        null,
        1,
        null,
        null,
        1,
        null,
        null,
        null
      ],
      "/Users/renanoliveira/dev/wit-cart/config/environment.rb": [
        null,
        1,
        null,
        null,
        1
      ],
      "/Users/renanoliveira/dev/wit-cart/config/application.rb": [
        1,
        null,
        1,
        null,
        null,
        null,
        1,
        null,
        1,
        1,
        null,
        1,
        null,
        null,
        null,
        null,
        null,
        null
      ],
      "/Users/renanoliveira/dev/wit-cart/config/spring.rb": [
        null,
        null,
        null,
        null,
        null,
        5
      ],
      "/Users/renanoliveira/dev/wit-cart/config/environments/test.rb": [
        1,
        null,
        null,
        null,
        null,
        null,
        null,
        1,
        null,
        null,
        null,
        null,
        1,
        null,
        null,
        1,
        1,
        null,
        null,
        null,
        null,
        1,
        1,
        null,
        null,
        1,
        null,
        null,
        1,
        1,
        null,
        null,
        null,
        null,
        1,
        null,
        null,
        1,
        null,
        null,
        null,
        null
      ],
      "/Users/renanoliveira/dev/wit-cart/config/initializers/application_controller_renderer.rb": [
        null,
        null,
        null,
        null,
        null,
        null,
        null,
        null
      ],
      "/Users/renanoliveira/dev/wit-cart/config/initializers/assets.rb": [
        null,
        null,
        null,
        1,
        null,
        null,
        null,
        null,
        1,
        null,
        null,
        null,
        null,
        null
      ],
      "/Users/renanoliveira/dev/wit-cart/config/initializers/backtrace_silencers.rb": [
        null,
        null,
        null,
        null,
        null,
        null,
        null
      ],
      "/Users/renanoliveira/dev/wit-cart/config/initializers/cookies_serializer.rb": [
        null,
        null,
        null,
        null,
        1
      ],
      "/Users/renanoliveira/dev/wit-cart/config/initializers/inflections.rb": [
        null,
        null,
        null,
        null,
        null,
        null,
        null,
        null,
        null,
        null,
        null,
        null,
        null,
        null,
        null,
        null
      ],
      "/Users/renanoliveira/dev/wit-cart/config/initializers/wrap_parameters.rb": [
        null,
        null,
        null,
        null,
        null,
        null,
        1,
        2,
        null,
        null,
        null,
        null,
        null,
        null
      ],
      "/Users/renanoliveira/dev/wit-cart/spec/factories/products.rb": [
        1,
        1,
        11,
        8,
        null,
        null
      ],
      "/Users/renanoliveira/dev/wit-cart/spec/factories/users.rb": [
        1,
        1,
        10,
        null,
        null
      ],
      "/Users/renanoliveira/dev/wit-cart/app/models/product.rb": [
        null,
        null,
        null,
        1,
        1,
        1,
        null
      ],
      "/Users/renanoliveira/dev/wit-cart/spec/models/user_cart_spec.rb": [
        1,
        null,
        1,
        1,
        10,
        1,
        9,
        null,
        null,
        1,
        1,
        null,
        null,
        1,
        1,
        1,
        1,
        null,
        null,
        1,
        1,
        1,
        null,
        null,
        1,
        1,
        1,
        1,
        1,
        null,
        null,
        1,
        1,
        1,
        1,
        1,
        null,
        null,
        1,
        1,
        1,
        null,
        null,
        1,
        1,
        1,
        null,
        null,
        1,
        1,
        1,
        1,
        null,
        1,
        null,
        null,
        null,
        1,
        1,
        1,
        1,
        1,
        1,
        1,
        null,
        1,
        null,
        null,
        null,
        null,
        1,
        null,
        null,
        null
      ],
      "/Users/renanoliveira/dev/wit-cart/app/models/user_cart.rb": [
        null,
        null,
        null,
        1,
        1,
        1,
        null,
        1,
        12,
        null,
        10,
        10,
        1,
        1,
        null,
        null,
        null,
        9,
        null,
        null,
        null,
        1,
        2,
        null,
        null,
        1,
        1,
        null,
        null,
        1,
        1,
        null,
        null,
        1,
        null,
        1,
        12,
        11,
        null,
        null,
        1,
        10,
        null,
        null,
        1,
        12,
        12,
        5,
        null,
        12,
        null,
        null,
        1,
        12,
        null,
        null
      ],
      "/Users/renanoliveira/dev/wit-cart/spec/models/user_spec.rb": [
        1,
        null,
        1,
        3,
        null,
        1,
        1,
        1,
        null,
        null,
        1,
        1,
        null,
        null,
        null,
        1,
        3,
        null,
        1,
        1,
        null,
        null,
        1,
        1,
        null,
        null,
        null
      ],
      "/Users/renanoliveira/dev/wit-cart/app/models/user.rb": [
        null,
        null,
        null,
        1,
        1,
        1,
        null
      ]
    },
    "timestamp": 1509454695
  }
}
